Copyright 1986-2022 Xilinx, Inc. All Rights Reserved. Copyright 2022-2025 Advanced Micro Devices, Inc. All Rights Reserved.
---------------------------------------------------------------------------------------------------------------------------------------------
| Tool Version : Vivado v.2025.1 (lin64) Build 6140274 Wed May 21 22:58:25 MDT 2025
| Date         : Sat Sep 27 12:30:29 2025
| Host         : ThinkBook running 64-bit Ubuntu 24.04.3 LTS
| Command      : report_drc -file SoC_EV_BD_wrapper_drc_routed.rpt -pb SoC_EV_BD_wrapper_drc_routed.pb -rpx SoC_EV_BD_wrapper_drc_routed.rpx
| Design       : SoC_EV_BD_wrapper
| Device       : xc7a35tcpg236-1
| Speed File   : -1
| Design State : Fully Routed
---------------------------------------------------------------------------------------------------------------------------------------------

Report DRC

Table of Contents
-----------------
1. REPORT SUMMARY
2. REPORT DETAILS

1. REPORT SUMMARY
-----------------
            Netlist: netlist
          Floorplan: design_1
      Design limits: <entire design considered>
           Ruledeck: default
             Max checks: <unlimited>
             Checks found: 1
+-----------+----------+-------------------+--------+
| Rule      | Severity | Description       | Checks |
+-----------+----------+-------------------+--------+
| RTSTAT-10 | Warning  | No routable loads | 1      |
+-----------+----------+-------------------+--------+

2. REPORT DETAILS
-----------------
RTSTAT-10#1 Warning
No routable loads  
60 net(s) have no routable loads. The problem bus(es) and/or net(s) are SoC_EV_BD_i/axi_smc/inst/m01_nodes/m01_ar_node/inst/mi_handler_m_sc_areset_pipe,
SoC_EV_BD_i/axi_smc/inst/m02_nodes/m02_w_node/inst/mi_handler_m_sc_areset_pipe,
SoC_EV_BD_i/axi_smc/inst/m03_nodes/m03_b_node/inst/mi_handler_m_sc_areset_pipe,
SoC_EV_BD_i/axi_smc/inst/m03_nodes/m03_w_node/inst/mi_handler_m_sc_areset_pipe,
SoC_EV_BD_i/axi_smc/inst/m04_nodes/m04_ar_node/inst/mi_handler_m_sc_areset_pipe,
SoC_EV_BD_i/axi_smc/inst/m04_nodes/m04_aw_node/inst/mi_handler_m_sc_areset_pipe,
SoC_EV_BD_i/axi_smc/inst/m05_nodes/m05_aw_node/inst/mi_handler_m_sc_areset_pipe,
SoC_EV_BD_i/axi_smc/inst/m05_nodes/m05_b_node/inst/mi_handler_m_sc_areset_pipe,
SoC_EV_BD_i/axi_smc/inst/m05_nodes/m05_w_node/inst/mi_handler_m_sc_areset_pipe,
SoC_EV_BD_i/axi_smc/inst/m08_nodes/m08_w_node/inst/mi_handler_m_sc_areset_pipe,
SoC_EV_BD_i/axi_smc/inst/m09_nodes/m09_aw_node/inst/mi_handler_m_sc_areset_pipe,
SoC_EV_BD_i/axi_smc/inst/m09_nodes/m09_w_node/inst/mi_handler_m_sc_areset_pipe,
SoC_EV_BD_i/axi_smc/inst/m10_nodes/m10_r_node/inst/mi_handler_m_sc_areset_pipe,
SoC_EV_BD_i/axi_smc/inst/s00_nodes/s00_aw_node/inst/mi_handler_m_sc_areset_pipe,
SoC_EV_BD_i/axi_smc/inst/s00_nodes/s00_b_node/inst/mi_handler_m_sc_areset_pipe
 (the first 15 of 60 listed nets/buses).
Related violations: <none>


